  GameEngineMain.cpp
  UbiGame.vcxproj -> D:\GitHub\Hack_The_North_2021\Project\bin\x64\Debug\UbiGame.exe
  D:\GitHub\Hack_The_North_2021\Project\Resources\PLACE_YOUR_RESOURCES_HERE
  D:\GitHub\Hack_The_North_2021\Project\Resources\img\basic_projectile.png
  D:\GitHub\Hack_The_North_2021\Project\Resources\img\bomb_projectile.png
  D:\GitHub\Hack_The_North_2021\Project\Resources\img\crate_bomb.png
  D:\GitHub\Hack_The_North_2021\Project\Resources\img\crate_laser.png
  D:\GitHub\Hack_The_North_2021\Project\Resources\img\crate_machine_gun.png
  D:\GitHub\Hack_The_North_2021\Project\Resources\img\crate_rocket.png
  D:\GitHub\Hack_The_North_2021\Project\Resources\img\rocket_projectile.png
  D:\GitHub\Hack_The_North_2021\Project\Resources\img\tank_blue.png
  D:\GitHub\Hack_The_North_2021\Project\Resources\img\tank_green.png
  D:\GitHub\Hack_The_North_2021\Project\Resources\img\tank_red.png
  D:\GitHub\Hack_The_North_2021\Project\Resources\img\tank_yellow.png
  12 File(s) copied
  D:\GitHub\Hack_The_North_2021\Project\..\SFML-2.5.0\bin\openal32.dll
  D:\GitHub\Hack_The_North_2021\Project\..\SFML-2.5.0\bin\sfml-audio-2.dll
  D:\GitHub\Hack_The_North_2021\Project\..\SFML-2.5.0\bin\sfml-audio-d-2.dll
  D:\GitHub\Hack_The_North_2021\Project\..\SFML-2.5.0\bin\sfml-graphics-2.dll
  D:\GitHub\Hack_The_North_2021\Project\..\SFML-2.5.0\bin\sfml-graphics-d-2.dll
  D:\GitHub\Hack_The_North_2021\Project\..\SFML-2.5.0\bin\sfml-network-2.dll
  D:\GitHub\Hack_The_North_2021\Project\..\SFML-2.5.0\bin\sfml-network-d-2.dll
  D:\GitHub\Hack_The_North_2021\Project\..\SFML-2.5.0\bin\sfml-system-2.dll
  D:\GitHub\Hack_The_North_2021\Project\..\SFML-2.5.0\bin\sfml-system-d-2.dll
  D:\GitHub\Hack_The_North_2021\Project\..\SFML-2.5.0\bin\sfml-window-2.dll
  D:\GitHub\Hack_The_North_2021\Project\..\SFML-2.5.0\bin\sfml-window-d-2.dll
  11 File(s) copied
